<?xml version="1.0" encoding="UTF-8"?>
<!-- Generated by org.testng.reporters.JUnitXMLReporter -->
<testsuite ignored="0" hostname="chinna" failures="1" tests="3" name="TestNG" time="328.49" errors="0" timestamp="2022-02-21T14:58:25 IST">
  <testcase classname="com.bonasri.TukarPointsVerificationInbonsTri" name="TukarPointsVerificationInbonsTri" time="77.099"/>
  <testcase classname="com.bonasri.TukarPointsRedemptionInbonsTri" name="TukarPointsRedemptionThroughbonsTri" time="104.349"/>
  <testcase classname="com.bonasri.TukarPointsVoucherRedemptionInbonsTri" name="TukarPointsRedemptionThroughbonsTri" time="132.281">
    <failure type="org.openqa.selenium.ElementClickInterceptedException" message="element click intercepted: Element &amp;lt;a data-tabindex=&amp;quot;tabScreen6&amp;quot; href=&amp;quot;#s_sctrl_tabScreen_noop&amp;quot; class=&amp;quot;ui-tabs-anchor&amp;quot; role=&amp;quot;presentation&amp;quot; tabindex=&amp;quot;-1&amp;quot; id=&amp;quot;ui-id-68&amp;quot;&amp;gt;...&amp;lt;/a&amp;gt; is not clickable at point (891, 105). Other element would receive the click: &amp;lt;html lang=&amp;quot;en&amp;quot; class=&amp;quot;js flexbox flexboxlegacy canvas canvastext webgl no-touch geolocation postmessage websqldatabase indexeddb hashchange history draganddrop websockets rgba hsla multiplebgs backgroundsize borderimage borderradius boxshadow textshadow opacity cssanimations csscolumns cssgradients cssreflections csstransforms csstransforms3d csstransitions fontface generatedcontent video audio localstorage sessionstorage webworkers no-applicationcache svg inlinesvg smil svgclippaths js flexbox flexboxlegacy canvas canvastext webgl no-touch geolocation postmessage websqldatabase indexeddb hashchange history draganddrop websockets rgba hsla multiplebgs backgroundsize borderimage borderradius boxshadow textshadow opacity cssanimations csscolumns cssgradients cssreflections csstransforms csstransforms3d csstransitions fontface generatedcontent video audio localstorage sessionstorage webworkers no-applicationcache svg inlinesvg smil svgclippaths siebui-navigation-tab siebui-busy&amp;quot; style=&amp;quot;&amp;quot;&amp;gt;...&amp;lt;/html&amp;gt;
  (Session info: chrome=98.0.4758.102)
Build info: version: &amp;apos;4.1.2&amp;apos;, revision: &amp;apos;9a5a329c5a&amp;apos;
System info: host: &amp;apos;CHINNA&amp;apos;, ip: &amp;apos;10.103.136.23&amp;apos;, os.name: &amp;apos;Windows 10&amp;apos;, os.arch: &amp;apos;amd64&amp;apos;, os.version: &amp;apos;10.0&amp;apos;, java.version: &amp;apos;15.0.2&amp;apos;
Driver info: org.openqa.selenium.chrome.ChromeDriver
Command: [29062266da391000f787c0d1cf4faa4c, clickElement {id=8e6da155-5576-42e2-8541-d8f7d2100aef}]
Capabilities {acceptInsecureCerts: false, browserName: chrome, browserVersion: 98.0.4758.102, chrome: {chromedriverVersion: 98.0.4758.80 (7f0488e8ba0d8..., userDataDir: C:\Users\DELL\AppData\Local...}, goog:chromeOptions: {debuggerAddress: localhost:53584}, javascriptEnabled: true, networkConnectionEnabled: false, pageLoadStrategy: normal, platform: WINDOWS, platformName: WINDOWS, proxy: Proxy(), se:cdp: ws://localhost:53584/devtoo..., se:cdpVersion: 98.0.4758.102, setWindowRect: true, strictFileInteractability: false, timeouts: {implicit: 0, pageLoad: 300000, script: 30000}, unhandledPromptBehavior: dismiss and notify, webauthn:extension:credBlob: true, webauthn:extension:largeBlob: true, webauthn:virtualAuthenticators: true}
Element: [[ChromeDriver: chrome on WINDOWS (29062266da391000f787c0d1cf4faa4c)] -&amp;gt; xpath: //a[contains(text(),&amp;quot;Subscriptions&amp;quot;)]]
Session ID: 29062266da391000f787c0d1cf4faa4c">
      <![CDATA[org.openqa.selenium.ElementClickInterceptedException: element click intercepted: Element <a data-tabindex="tabScreen6" href="#s_sctrl_tabScreen_noop" class="ui-tabs-anchor" role="presentation" tabindex="-1" id="ui-id-68">...</a> is not clickable at point (891, 105). Other element would receive the click: <html lang="en" class="js flexbox flexboxlegacy canvas canvastext webgl no-touch geolocation postmessage websqldatabase indexeddb hashchange history draganddrop websockets rgba hsla multiplebgs backgroundsize borderimage borderradius boxshadow textshadow opacity cssanimations csscolumns cssgradients cssreflections csstransforms csstransforms3d csstransitions fontface generatedcontent video audio localstorage sessionstorage webworkers no-applicationcache svg inlinesvg smil svgclippaths js flexbox flexboxlegacy canvas canvastext webgl no-touch geolocation postmessage websqldatabase indexeddb hashchange history draganddrop websockets rgba hsla multiplebgs backgroundsize borderimage borderradius boxshadow textshadow opacity cssanimations csscolumns cssgradients cssreflections csstransforms csstransforms3d csstransitions fontface generatedcontent video audio localstorage sessionstorage webworkers no-applicationcache svg inlinesvg smil svgclippaths siebui-navigation-tab siebui-busy" style="">...</html>
  (Session info: chrome=98.0.4758.102)
Build info: version: '4.1.2', revision: '9a5a329c5a'
System info: host: 'CHINNA', ip: '10.103.136.23', os.name: 'Windows 10', os.arch: 'amd64', os.version: '10.0', java.version: '15.0.2'
Driver info: org.openqa.selenium.chrome.ChromeDriver
Command: [29062266da391000f787c0d1cf4faa4c, clickElement {id=8e6da155-5576-42e2-8541-d8f7d2100aef}]
Capabilities {acceptInsecureCerts: false, browserName: chrome, browserVersion: 98.0.4758.102, chrome: {chromedriverVersion: 98.0.4758.80 (7f0488e8ba0d8..., userDataDir: C:\Users\DELL\AppData\Local...}, goog:chromeOptions: {debuggerAddress: localhost:53584}, javascriptEnabled: true, networkConnectionEnabled: false, pageLoadStrategy: normal, platform: WINDOWS, platformName: WINDOWS, proxy: Proxy(), se:cdp: ws://localhost:53584/devtoo..., se:cdpVersion: 98.0.4758.102, setWindowRect: true, strictFileInteractability: false, timeouts: {implicit: 0, pageLoad: 300000, script: 30000}, unhandledPromptBehavior: dismiss and notify, webauthn:extension:credBlob: true, webauthn:extension:largeBlob: true, webauthn:virtualAuthenticators: true}
Element: [[ChromeDriver: chrome on WINDOWS (29062266da391000f787c0d1cf4faa4c)] -> xpath: //a[contains(text(),"Subscriptions")]]
Session ID: 29062266da391000f787c0d1cf4faa4c
at org.openqa.selenium.remote.codec.w3c.W3CHttpResponseCodec.createException(W3CHttpResponseCodec.java:200)
at org.openqa.selenium.remote.codec.w3c.W3CHttpResponseCodec.decode(W3CHttpResponseCodec.java:133)
at org.openqa.selenium.remote.codec.w3c.W3CHttpResponseCodec.decode(W3CHttpResponseCodec.java:53)
at org.openqa.selenium.remote.HttpCommandExecutor.execute(HttpCommandExecutor.java:184)
at org.openqa.selenium.remote.service.DriverCommandExecutor.invokeExecute(DriverCommandExecutor.java:167)
at org.openqa.selenium.remote.service.DriverCommandExecutor.execute(DriverCommandExecutor.java:142)
at org.openqa.selenium.remote.RemoteWebDriver.execute(RemoteWebDriver.java:558)
at org.openqa.selenium.remote.RemoteWebElement.execute(RemoteWebElement.java:251)
at org.openqa.selenium.remote.RemoteWebElement.click(RemoteWebElement.java:77)
at com.bonasri.TukarPointsVoucherRedemptionInbonsTri.TukarPointsRedemptionThroughbonsTri(TukarPointsVoucherRedemptionInbonsTri.java:134)
at java.base/java.util.ArrayList.forEach(ArrayList.java:1511)
... Removed 32 stack frames]]>
    </failure>
  </testcase> <!-- TukarPointsRedemptionThroughbonsTri -->
</testsuite> <!-- TestNG -->
